1618081991352:gab
1618081995078:gaa
1618082004356:gag
1618082010220:exit
1618131768257:gab
1618131785525:gaa
1618131816896:gaId 1
1618131831225:daId 1
1618131972253:ia 3 testauthor
1618131981108:gaa
1618133737820:gag
1618133748410:ig 3 testGenre
1618133760539:ig 2 tse
1618133769051:gag
1618133789869:dgId 3
1618133793692:gag
1618133804417:exit
1618135038657:gab
1618135057316:ib 3 test 1 1
1618135070975:gab
1618135162850:ib 4 test2 3 3
1618135181151:gaa
1618135187811:gag
1618135208364:gab
1618135296685:ig 3 testGenre
1618135303158:gag
1618135956445:gab
1618135982059:ib 3 TestBook 1 1
1618135989533:gab
1618136004722:dbId 1
1618136008097:gab
1618136013633:gaa
1618136019167:gag
1618136145014:gab
1618136200872:ubId 2 "Война и мир"
1618136206027:gab
1618136237401:ubId 3 Test2
1618136248485:gab
1618136267432:dbId 1
1618136270798:gab
1618136294704:ib 2 test2 2 2
1618136298086:gab
1618136383035:ib 3 testBook 2 2
1618136388411:gab
1618136410755:ib testBook2 1 2
1618136429347:ib 4 testBook2 1 2
1618136432167:gab
1618136464498:dbn testbook2
1618136479009:dbt testBook2
1618136597290:gab
1618136613568:ib 4 test2 2 1
1618136616229:gab
1618136642959:dbt testBook
1618136645847:gab
1618136657910:ib 3 test 1 1
1618136660636:gab
1618136719838:ib 3 test 1 2
1618136731950:ib 4 test2 1 1
1618136739672:ib 5 test 3 2 2
1618136752086:ib 5 test3 2 2
1618136754757:gab
1618136763382:dbId 3
1618136769443:gab
1618136778923:ib 3 test4 1 1
1618136781514:gab
1618136828286:ib 3 test 1 2
1618136831069:gab
1618136926649:ib 3 test 1 2
1618137014162:gab
1618137020229:ib 3 test 1 2
1618137022853:gab
1618137036023:ib 4 test2 2 2
1618137043965:dbId 3
1618137048344:gab
1618137054271:ib 3 test 1 2
1618137056656:gab
1618137115310:ib 3 test 1 1
1618137125186:ib 4 test2 2 2
1618137127402:gab
1618137133059:dId 2
1618137139844:dbId 3
1618137143680:gab
1618137153008:ib 3 test 1 1
1618137155300:gab
1618137225839:ubId 2 test3
1618137238696:gab
1618137260845:dbt test
1618137263268:gab
1618137273848:gbn test3
1618137396965:gbt test3
1618137421779:gab
1618137428694:ib 3 test 2 1
1618137431405:gab
1618137437528:gbt test
1618137751989:gbt 'test'
1618137840820:gab
1618137847268:ib 3 test 1 2
1618137857179:gbt test
1618138105272:gab
1618138118250:ib 3 tst 1 1
1618138121840:gab
1618138131593:gbId 3
1618138141021:gbt tst
1618138925678:gab
1618154843234:gag
1618154847454:gaa
1618154942553:ib 3 test 1 1
1618154950898:gab
1618156202051:gac
1618156213281:gaa
1618157449097:gab
1618157451585:gac
1618158473233:gab
1618158477000:gac
1618158724122:gab
1618159011796:gac
1618160945377:gab
1618160962562:ib 3 test 1 1
1618160965439:gab
1618161011977:gag
1618161016873:gac
1618161276445:ic 7 BadBook
1618161280255:gac
1618311372863:gab
1618311394821:gabcc
1618311482311:gab
1618311494333:gacc
1618311499559:gabcc
1618311528269:ib 3 test 2 2
1618311541011:gab
1618311545989:gabcc
1618311600198:gab
1618311606861:gabcc
1618311746057:gab
1618311760644:gabcc
1618311777319:ib 3 test 2 2
1618311783667:gabcc
1618312480129:ib 4 test2 1 1
1618312483359:gab
1618312492257:gabcc
1618312926098:gab
1618313420764:gabcc
1618313441453:ib 3 test 2 2
1618313444181:gab
1618313453590:gabcc
1618320342446:gab
1618320811640:gaa
1618320815573:gab
1618321274759:ic 5 "3"
1618321289051:ic 5 "3" 1
1618321296165:gac
1618321306462:gab
1618321430560:gac
1618321439796:ic 5 "3" 1
1618321443209:gab
1618321532143:gac
1618321536115:gaa
1618321565683:gabcc
1618321589913:ic 5 "3" 1
1618321600937:gabcc
1618321611751:exit
1618321970931:gab
1618322062401:пфи
1618322064427:gab
1618323937689:gabwg "Фантастика"
1618324133784:gabwg "Фантастика", "оман"
1618324210666:gabwg ["Фантастика", "Роман"]
1618324623067:gab
1618324627768:gabwg "Фантастика", "Роман"
1618324637324:gabwg ["Фантастика", "Роман"]
1618324760644:gabwg "Фантастика"
1618324784975:gabwg "Фантастика" "Роман\n"
1618324800229:help
1618325003081:gabwg "Фантастика" ""Роман"\n"
1618325089354:gabwg "Фантастика"
1618325107696:gabwg "Фантастика" ""оман""
1618325134564:gabwg "Роман"
1618325145013:gab
1618325163864:gabwg ""
1618325183920:gabwg Роман
1618325218221:gabwg "Фантастика"
1618325234528:gabwg "Фантастика" ""Роман"\n"
1618326048556:gabwg "Фантастика"
1618326058230:gabwg "Роман"
1618398414552:gab
1618398663848:gac
1618398700880:gabcc
1618398857692:gab
1618399000967:пфи
1618399002560:gab
1618399410392:gaa
1618399416307:gac
1618399420521:gab
1618399637826:gac
1618399656887:gabwg "Фантастика"
1618399864718:gab
1618399881214:gabwg "Фантастика!\n"
1618399890826:gabwg "Фантастика"
1618400532029:gab
1618400549095:gabwg "Фантастика"
1618400591045:gabcc
1618400679820:gab
1618400682887:gabcc
1618400901987:gab
1618400907681:gabcc
1618400997514:gab
1618401100725:gabcc
1618401345355:gabwg "Фантастика"
1618401368726:ic 5 test 3
1618401372165:gab
1618401438501:ic 5 text2 1
1618401449599:gab
1618401518704:ic 5 test2 1
1618401521727:gab
1618401545142:gac
1618407072284:gab
1618410123443:gaa
1618410125796:gag
1618410132306:gabcc
1618410202301:gab
1618415235572:gabwg "Фантастика"
1618415326528:a=gab
1618415328233:gab
1618415334574:gac
1618415337886:gaa
1618415350577:gabwg "Роман"
1618415385011:gab
1618415447560:gabwg "Роман"
1618415512237:gab
1618415519504:gabwg "Роман"
1618415652417:gabwg "Фантастика"
1618415766648:gacc
1618415772433:gabcc
1618415783550:gab
1618415800599:gabwg "Фантастика"
1618415947484:gabwg "Роман"
1618416028398:gab
1618416049490:gabwq ""оман""
1618416072328:gabwg "Роман"
1618416186771:gab
1618416199926:gabwg "Роман"
1618416363356:gab
1618416372005:gabwg "Роман"
1618416428920:DROP TABLE IF EXISTS books;
1618416428958:DROP TABLE IF EXISTS authors;
1618416428967:DROP TABLE IF EXISTS genres;
1618416428974:create table authors(
1618416428993:);
1618416428997:create table genres(
1618416429010:);
1618416429014:create table books(
1618416429033:);
1618416429036:create table comments(
1618416429047:);
1618416453455:gabwg "Роман"
1618416613560:gabwg "Фантастика"
1618416734668:gab
1618416800293:gabwg "Роман"
1618416809046:gabwg "Фантастика"
1618416887178:gabwg "Роман"
1618416894284:gabwg "Фантастика"
1618417002465:gabwg "Роман"
1618417008518:gabwg "Фантастика"
1618417095489:gab
1618417107689:gabwg "Фантастика"
1618418761691:gab
1618420695164:ib test 1 1
1618420698268:gab
1618421164915:ib 5 test
1618421196745:ib test
1618421208984:ib test 1 1
1618421219043:ib 5 test 2 2
1618421223405:gab
1618421280282:ib 1 1 test
1618421289322:ib 6 test 2 2
1618421295010:gab
1618422652684:ib test 1 1
1618422688028:gab
1618422695264:ib test 2 2
1618422698454:gab
1618422845667:ib 5 tset 2 2
1618422849481:gab
1618423272910:ib test
1618423863760:gab
1618425109832:ib 44 test 2 2
1618425154890:gav
1618425156490:gab
1618425166695:ib 5 test 2 2
1618425170140:gab
1618425187028:ib 6 test 1 1
1618425192676:gab
1618425238684:gaa
1618425245065:ia 4 test
1618425247289:gaa
1618425259693:gag
1618425265324:ig 3 test
1618425267360:gag
1618425271994:gac
1618425283735:ic 7 test
1618425302710:ic 7 test 2
1618425307583:gac
1618425313087:gab
1618425334318:ib 6 'est'
1618425354529:ib 6 ""ечт" 1 1\n"
1618425368183:ib 6 "еуые" 1 1
1618425377312:пфи
1618425379128:gab
1618425415230:ib 5 test 2 2
1618425606110:gab
1618425626722:ib    test
1618425634730:ib 3 test 1 1
1618425639622:gab
1618425664956:gaa
1618425669768:gac
1618425914136:gab
1618425931810:ib 6 test 1 1
1618425936175:gab
1618426168753:ig 3 test
1618426173889:gag
1618426491449:gab
1618426494116:gaa
1618426501040:ia test
1618426555212:gaa
1618426559233:ia test
1618426562432:gaa
1618426733270:gag
1618426740653:ig testGenre
1618426743908:gag
1618426945042:gac
1618426953745:ic testcomment
1618426961608:ic test comment 1
1618426976656:ic testComment 1
1618426981291:gac
1618427697939:gab
1618427726889:ib tse Лев Толстой Роман
1618427749751:ib tse "Лев Толстой" "Роман"
1618427899786:ши 5 "еуыеые" 2 2
1618427914718:ib 5 "оо" 2 2
1618427920603:gab
1618427957983:dbId 4
1618427960559:gab
1618427971352:ubId 3 test
1618427974380:gab
1618427984530:ib 3 test2 1 1
1618428071399:ib 4 test 1 1
1618428083154:gab
1618428132399:ib 5 test 1 1
1618428141932:gab
1618429058443:ib 5 tst 1 1
1618429083258:ib tes ""
1618429111974:ib tset 1 1
1618429115982:gab
1618659471396:dbId 1
1618659485821:gab
1618659493989:gaa
1618659504274:gag
1618659542082:gaa
1618659544343:gab
1618659546720:gag
1618659550411:gac
1618659654658:ib test 1 1
1618659900022:gab
1618659907311:ib test 1 1
1618659910706:gab
1618659941301:dbId 1
1618659944074:jab
1618659946705:gab
1618659964558:gaa
1618659974187:gag
1618660020919:gab
1618660029818:ib test 1 1
1618660033075:gab
1618660038865:dbId 5
1618660042131:gab
1618660120475:ib test 1 1
1618660122629:gab
1618660131360:dbId 4
1618660134919:gab
1618660173505:ib test 1 2
1618660175713:gab
1618660185279:dbId 5
1618660189579:gag
1618660192041:gab
1618660260964:ib test 1 1
1618660264214:gab
1618660405417:ib test 1
1618660411508:ib test 1 1
1618660436030:gab
1618660443341:gac
1618660455989:gabc
1618660460575:gacc
1618660472600:gabcc
1618660505570:ic test 5
1618660687287:gac
1618660696651:ic test 5
1618660713026:ic test 1
1618660716792:gac
1618660775311:gab
1618660777789:gac
1618660890664:ib test 1
1618660897031:ib test 1 1
1618660899204:gab
1618660920067:ic testComment 5
1618660923194:gac
1618660980561:daId 1
1618660984305:gab
1618660995460:gaa
1618660998709:gag
1618661016975:gab
1618661026712:ib test 1
1618661031870:ib test 1 1
1618661040754:ib test 2 2
1618661042909:gab
1618661056927:dbId 7
1618661059405:gab
1618661062345:gaa
1618661064799:gag
1618661118536:gab
1618661123102:ib test 1
1618661127531:ib test 1 1
1618661479516:gab
1618661483699:ib test 1 1
1618661537114:gab
1618661547188:ib test 1 1
1618662102568:ib test author genre
1618662109540:gab
1618662148814:ib test2 Джон Толкин Фантастика
1618662170226:ib test2 "Джон Толкин" "Фантастика"
1618662178614:gab
1618662183300:gaa
1618662270592:gab
1618662281665:ib test testa testng
1618662390883:gab
1618662401105:ib test testa tesgg
1618662711928:gab
1618662717029:ib test a g
1618662719701:gab
1618662748325:ib test2 "Роберт Желязны" Фантастика
1618662758319:пфи
1618662760354:gab
1618662763450:iaa
1618662767178:gaa
1618662892761:gab
1618662897810:ib test 1 1
1618662903886:gab
1618662933743:ib test test
1618662944416:ib test a g
1618662947676:gab
1618662955140:gaa
1618663040642:ib test 1 1
1618663091847:ib test a g
1618663093939:gab
1618663108522:ib test2 a g
1618663110652:gab
1618663113996:gaa
1618663155994:gab
1618663163203:ib test a g
1618663195767:ib tesr g a
1618665591573:ib test ts g
1618665603600:gaa
1618665653109:ib test a g
1618665655979:gaa
1618665660317:gag
1618665666682:gab
1618665677575:ib test2 a g
1618665682651:gaa
1618665686280:gab
1618665689338:gag
1618665761978:ib test a h
1618665766279:gab
1618666473666:ib test a g
1618666476265:gab
1618666488544:ubt test test2
1618666579760:ib test test test
1618666607861:gaa
1618666673348:fab
1618666675541:gab
1618666720026:ubt test test1
1618666935649:gab
1618666940629:ib test a g
1618667044385:ib test s a
1618667144728:ib test 1 1
1618667147283:gab
1618667174421:dbId 5
1618667177193:gab
1618667211203:ib tset 1 1
1618667213780:gab
1618667221892:dbId 5
1618667224548:gab
1618667257575:ib test 1 1
1618667259545:gab
1618667263983:dbId 5
1618667269234:gab
1618667312753:ib tset 2 2
1618667314945:gab
1618667320567:dbId 5
1618667323963:gab
1618667386740:ib yest a g
1618667442754:gab
1618667449781:ib tset a g
1618667527633:ib test a g
1618667597885:gab
1618667603150:ib t a g
1618667855682:ib t g a
1618667858562:gab
1618667873503:ib t g a
1618667877549:gab
1618667924900:ib t "Джон Толкин" "Роман"
1618667935281:ib t "Джон Толкиен" "Роман"
1618668119678:ib test a g
1618668123433:gab
1618668132225:ib test a g
1618668134450:gab
1618668257703:ib test a g
1618672539494:ib 5 test a g
1618672544548:gab
1618672556417:ib 5 test2 a g
1618672744014:gab
1618672751402:ib 5 test a g
1618672753895:gab
1618672766489:ib 6 test a g
1618672768553:gab
1618672781818:ib 5 test2 a g
1618672986883:gab
1618672992873:ib test a g
1618672995097:gab
1618673005013:ib test a g
1618673006894:gab
1618673027001:dbId 6
1618673073190:gaa
1618673076718:gag
1618673083759:ib 7 a g
1618673086021:gav
1618673087658:gab
1618673091540:dbId 7
1618673095300:gab
1618673419171:ib 0 test
1618673430159:ib 0 test a g
1618673454829:gab
1618673466965:ib 2 test2 a g
1618674631402:ib 0 test a g
1618674633472:gab
1618674648527:ib 5 test2 a g
1618674650866:gab
1618674693396:ib 5 test a g
1618674695503:gab
1618674705050:ib 5 a g
1618674719100:ib 5 test2 a g
1618674761153:ib 0 test a g
1618674762774:gab
1618674768797:ib 5 test2 a g
1618674772665:gab
1618674842801:ib 0 test a g
1618674844894:gab
1618674854273:ib 5 test a g
1618674862234:gab
1618674875606:ib 5 test2 a g
1618674877552:gab
1618674941543:dbId 5
1618674943705:gab
1618675091329:gacc
1618675095761:gac
1618675117805:ic test
1618675124251:ic test 1
1618675128815:gac
1618675147497:ic 7 test2
1618675342086:gab
1618675353319:ic 0 testComment 1
1618675355326:gab
1618675371302:gac
1618675391825:ib 7 updatedTest
1618675399504:ib 7 updatedTest 1
1618675412666:ic 7 updatedTest 1
1618675421832:gac
1618676031422:gab
1618676041987:gac
1618676070225:ic 0 test
1618676078246:ic test 1
1618676084493:ic 0 test 1
1618676090063:gac
1618676116771:ucId 7 text
1618676754321:ic test "Война и мир"
1618676768652:ic 0 test "Война и мир"
1618676850245:ib 0 test
1618676859281:ib 0 test a g
1618676865267:gab
1618676874267:ic test test
1618676883336:ic 0 test test
1618676956179:gab
1618676959725:gac
1618676967978:ic 0 test 1
1618676970754:gac
1618677011756:gab
1618677020345:ic 0 test test
1618677107161:ib 0 test a g
1618677109262:gab
1618677118314:ic test test
1618677125415:ic 0 test test
1618677190973:ic 0 test 1
1618677308693:ic 0 test
1618677314730:ic 0 test 1
1618677317863:gab
1618677321020:gac
1618677330540:dcId 7
1618677333165:gac
1618677344491:ic 6 test 4
1618677351032:gab
1618677354012:gac
1618677382599:ic 4 test2 3
1618677385426:gac
1618677887820:ic test 1
1618678139440:ic 1 test
1618678148427:ic 1 test 1
1618678151887:gac
1618678464501:ic test 1
1618678797108:ic 0 test
1618678801940:ic 0 test 1
1618678809937:ic test2 1
1618679441826:gab
1618679450541:ib 0 test a g
1618679452749:gab
1618679799401:ib 0 test a g
1618679801493:gab
1618679813854:ib 0 test a g
1618679870224:gab
1618679888908:ib 5 test2 a g
1618679891001:gab
1618679916528:gabcc
1618679942961:gac
1618679981537:gab
1618680006899:ic 0 testcomment 5
1618680012699:gac
1618680022389:gabcc
1618680032579:dbId 5
1618680035283:gab
1618680038749:gac
1618680100140:ig 0 testgenre
1618680102564:gag
1618680118938:ib 0 test1 a testgenre
1618680121749:gag
1618680132922:gaa
1618680242871:ig 0 test
1618680245735:gag
1618680252793:ib 0 a test
1618680259966:ib test a test
1618680271849:ib 0 test a test
1618680476279:gab
1618680484268:ib 0 test 1 1
1618680873362:ib 0 test a g
1618680931880:ib 0 test2 a g
1618681419403:ib 0 test a g
1618681444030:gab
1618681456827:ib test2 a g
1618681463521:ib 0 test a g
1618681725157:ib 0 test 1 1
1618681862896:gaa
1618681902472:ib 0 test 1 1
1618682248953:ib 0 test a g
1618682290807:ib 0 test2 a g
1618682438260:ib 0 test a g
1618682466217:gab
1618682552031:ia 0 a
1618682565287:ig 0 g
1618682578651:gaa
1618682581861:gag
1618682595222:ib 0 test a g
1618682692200:ia 0 a
1618682706526:ig 0 g
1618682717657:ib 0 test a g
1618682953301:ig 0 test a g
1618682965029:ib 0 test a g
1618683076591:gag
1618683099701:gaa
1618683131416:ib 0 test a g
1618683350649:ib 0 test 2 a g
1618683360232:ib 0 test2 a g
1618683659561:gaa
1618683663343:gag
1618684022817:ib 0 test a g
1618684040575:ib 0 test2 a g
1618684137558:ib 7 test2 a g
1618684152559:gab
1618684167226:ib 7 test2 a g
1618684212786:gaa
1618684574809:ib 0 test a g
1618684577411:gab
1618684591431:ib 0 test2 a g
1618684594309:gaa
1618684599328:gag
1618684699335:ib 0 test 1 1
1618685169929:gab
1618685175978:ib 0 test 1 1
1618685354526:gab
1618685360284:gaa
1618685368685:gag
1618685380745:ia 0 a
1618685386450:ig 0 g
1618685400179:gaa
1618685404748:gag
1618685417880:ib 0 test2 4 3
1618685434653:gab
1618685437717:gaa
1618685440174:gag
1618685523376:ib 0 test a g
1618685548290:gab
1618685613746:ib 0 test a g
1618685933945:ib 0 test 1 1
1618685996760:gab
1618686024725:dbId 5
1618686026616:gab
1618686069087:ib 0 test 1 1
1618686071866:gab
1618686078057:dbId 5
1618686083640:gab
1618686088072:gaa
1618686093907:gag
1618686096378:gac
1618686118986:ib 0 test 1 1
1618686126260:gab
1618686138235:ic 0 test 6
1618686141353:gac
1618686149985:dbId 5
1618686163667:gab
1618686169737:dbId 6
1618686171743:gab
1618686175395:gac
1618686879346:gab
1618686886488:ib 0 test 1 1
1618686904354:ia 0 a
1618686910409:in 0 g
1618686916384:ig 0 g
1618686925092:ib 0 test a g
1618686935898:ub 0 test 4 3
1618686946807:ib 0 test2 4 3
1618686952128:gab
1618686964791:ib 0 test2 a g
1618686976347:ib 0 test2 4 3
1618686988508:ib 0 test3 4 3
1618686990398:gab
1618687001105:gabwg g
1618687016084:gag
1618687031240:gabwg "Фантастика"
1618687044274:gabwg g
1618687061399:gabwg "g@\n"
1618687079944:gabwg "g"
1618687095330:gab
1618687111235:gabwg "Роман"
1618687124512:gabwg g
1618687154526:ib 6 test2 4 3
1618687480712:ucId test a
1618687524117:gab
1618687527338:gac
1618687596532:gab
1618687617532:ucId 'Девять принцев Амбера' test
1618687677949:gab
1618687693267:ucId 'Девять принцев Амбера' test
1618687726181:gab
1618997687320:ib 0 test 1 1
1618997692298:gab
1618997706285:ib 0 4 5
1618997717063:ib 0 test1 7 a
1618997724438:ib 0 test 7 7
1618997733261:gab
1618997740524:ib 0 test1 7 7
1618997746640:gab
1618997748732:gaa
1618997853230:ic 0 test
1618997861776:ic 0 test 1
1618997864264:gab
1618997866556:gac
1618997914917:ib 7 test1 1
1618997921912:ic 7 test1 1
1618997925356:gac
1618998054519:gab
1618998061228:ib 0 test a g
1618998188458:gAB
1618998191283:gab
1618998197137:ib 0 test a g
1618998199067:gab
1618998208339:ib test1 a g
1618998217377:ib 0 test1 a g
1618998219353:gaa
1618998271688:gab
1618998278159:ib 0 test a g
1618998284821:ib 0 test1 a g
1618998286489:gaa
1618998288736:gab
1619028495720:ib 0 test a g
1619028499829:gab
1619028501788:gaa
1619028515514:ib 0 test1 a g
1619028525001:gab
1619028544206:gaa
1619028574310:gab
1619028582867:ib 0 test a g
1619030017301:gab
1619030048195:gabwg ""
1619030074371:gabwg "Фантастика"
1619030854417:gab
1619030856617:name = "authors-entity-graph"
1619030876031:gabwg "Фантастика"
1619030940133:gab
1619030981481:gabwg "Фантастика"
1619031168974:gab
1619031188264:gabwg "Фантастика"
1619031937962:gab
1619031959769:gabwg "Фантастика"
1619032882386:gab
1619032890011:ib 0 test 1 1
1619032938841:gab
1619032942549:ib 0 test 1 1
1619032946516:gab
1619032960996:ic 0 test 1
1619032963890:gab
1619032975432:gac
1619032984330:gacc
1619032988348:gabcc
1619033021364:gabwg "Фантастика"
1619033135651:пфи
1619033138555:gab
1619033151578:gabwg "Фантастика"
1619033526979:ia 0 test
1619033529529:gaa
1619033545080:daId 4
1619033547953:gaa
1619605235533:gabwg ""Фан
1619605261979:gabwg "Фантастика"
1619605554930:gabwg "Роман"
1623706068859:gaa
1623706089856:ia 1 test
1623706092760:gaa
1623706137969:daId 1
1623706140684:gaa
1623706171020:ig 1 test
1623706174478:gag
1623706222657:ib 1 test 1 1
1623706226736:gaa
1623706230775:gab
1623706499126:ia 1 test
1623706505732:ig 1 test
1623706510490:gaa
1623706517979:gag
1623706520717:gab
1623706543587:ib 1 test 1 1
1623706546418:gab
1623706558819:dbId 1
1623706562046:gaa
1623706564186:gab
1623706568082:gaa
1623706570206:gag
